生成启动时间为 2013/10/5 星期六 10:41:35。
     1>项目“E:\360data\重要数据\桌面\炫彩界面库(DirectUI,v1.5.1)\模仿360安全卫士\Demo\Demo.vcxproj”在节点 2 上(build 个目标)。
     1>InitializeBuildStatus:
         正在创建“Debug\主界面.unsuccessfulbuild”，因为已指定“AlwaysCreate”。
       ClCompile:
         所有输出均为最新。
         所有输出均为最新。
       ResourceCompile:
         所有输出均为最新。
       ManifestResourceCompile:
         所有输出均为最新。
       Link:
         所有输出均为最新。
       Manifest:
         所有输出均为最新。
       FinalizeBuildStatus:
         正在删除文件“Debug\主界面.unsuccessfulbuild”。
         正在对“Debug\主界面.lastbuildstate”执行 Touch 任务。
     1>已完成生成项目“E:\360data\重要数据\桌面\炫彩界面库(DirectUI,v1.5.1)\模仿360安全卫士\Demo\Demo.vcxproj”(build 个目标)的操作。

生成成功。

已用时间 00:00:00.06
