龙盾 扫描报告
---------------------------------
开始时间：   2012-08-26 12:43:45
所用时间：   00:03:00
扫描目标：   F:\360data
扫描对象：   该目录下的所有文件
---------------------------------
共扫描文件： 20805 个
发现威胁：   3 个
---------------------------------
文件：    F:\360data\coLinux\Uninstall.exe
威胁名：  金山WPS安装程序
威胁描述：消灭所有Windows系统中的Office办公套件
处理结果：未处理
文件：    F:\360data\SogouExplorer\aliedit.exe
威胁名：  金山WPS安装程序
威胁描述：消灭所有Windows系统中的Office办公套件
处理结果：未处理
文件：    F:\360data\重要数据\桌面\Fraps\uninstall.exe
威胁名：  金山WPS安装程序
威胁描述：消灭所有Windows系统中的Office办公套件
处理结果：未处理
