龙盾 扫描报告
---------------------------------
开始时间：   2012-08-26 19:54:47
所用时间：   00:00:00
扫描目标：   M:\U盘恢复工具\Upan
扫描对象：   该目录下的所有文件
---------------------------------
共扫描文件： 122 个
发现威胁：   15 个
---------------------------------
文件：    M:\U盘恢复工具\Upan\U盘保护工具安装.bat
威胁名：  蠕虫.文件夹伪装类.01
威胁描述：通过U盘传播，篡改文件夹等手段传播的病毒
处理结果：未处理
文件：    M:\U盘恢复工具\Upan\U盘文件夹寻找工具by：林炜哲.bat
威胁名：  蠕虫.文件夹伪装类.01
威胁描述：通过U盘传播，篡改文件夹等手段传播的病毒
处理结果：未处理
文件：    M:\U盘恢复工具\Upan\U盘根目录文件恢复属性工具by：林炜哲.bat
威胁名：  蠕虫.文件夹伪装类.01
威胁描述：通过U盘传播，篡改文件夹等手段传播的病毒
处理结果：未处理
文件：    M:\U盘恢复工具\Upan\升级记录.txt
威胁名：  蠕虫.文件夹伪装类.01
威胁描述：通过U盘传播，篡改文件夹等手段传播的病毒
处理结果：未处理
文件：    M:\U盘恢复工具\Upan\BackFiles\蠕虫.文件夹伪装类.06.virus_13193890
威胁名：  WORM.TROJAN.5E1
威胁描述：旧数据库，未查明描述，敬请原谅
处理结果：未处理
文件：    M:\U盘恢复工具\Upan\usbcleaner\SysControl.cfg
威胁名：  蠕虫.文件夹伪装类.01
威胁描述：通过U盘传播，篡改文件夹等手段传播的病毒
处理结果：未处理
文件：    M:\U盘恢复工具\Upan\usbcleaner\UPDATE.INI
威胁名：  蠕虫.文件夹伪装类.01
威胁描述：通过U盘传播，篡改文件夹等手段传播的病毒
处理结果：未处理
文件：    M:\U盘恢复工具\Upan\usbcleaner\USBCleaner.exe.manifest
威胁名：  蠕虫.文件夹伪装类.01
威胁描述：通过U盘传播，篡改文件夹等手段传播的病毒
处理结果：未处理
文件：    M:\U盘恢复工具\Upan\USBKiller\chis.jpg
威胁名：  蠕虫.文件夹伪装类.01
威胁描述：通过U盘传播，篡改文件夹等手段传播的病毒
处理结果：未处理
文件：    M:\U盘恢复工具\Upan\USBKiller\Safe.rep
威胁名：  蠕虫.文件夹伪装类.01
威胁描述：通过U盘传播，篡改文件夹等手段传播的病毒
处理结果：未处理
文件：    M:\U盘恢复工具\Upan\USBKiller\tol009.bin
威胁名：  蠕虫.文件夹伪装类.01
威胁描述：通过U盘传播，篡改文件夹等手段传播的病毒
处理结果：未处理
文件：    M:\U盘恢复工具\Upan\USBKiller\UserSettings.ini
威胁名：  蠕虫.文件夹伪装类.01
威胁描述：通过U盘传播，篡改文件夹等手段传播的病毒
处理结果：未处理
文件：    M:\U盘恢复工具\Upan\USBKiller\请直接将U盘版解压到U盘使用.txt
威胁名：  蠕虫.文件夹伪装类.01
威胁描述：通过U盘传播，篡改文件夹等手段传播的病毒
处理结果：未处理
文件：    M:\U盘恢复工具\Upan\USBKiller\lang\Lang.ini
威胁名：  蠕虫.文件夹伪装类.01
威胁描述：通过U盘传播，篡改文件夹等手段传播的病毒
处理结果：未处理
文件：    M:\U盘恢复工具\Upan\U盘工具合集\piaodown.com.url
威胁名：  蠕虫.文件夹伪装类.01
威胁描述：通过U盘传播，篡改文件夹等手段传播的病毒
处理结果：未处理
