龙盾 扫描报告
---------------------------------
开始时间：   2012-08-25 13:30:28
所用时间：   00:00:03
扫描目标：   M:
扫描对象：   该目录下的所有文件
---------------------------------
共扫描文件： 950 个
发现威胁：   22 个
---------------------------------
文件：    M:\复件 (10) 测试添加启动项.exe
威胁名：  测试开机启动项
威胁描述：测试开机启动使用
处理结果：成功
文件：    M:\复件 (11) 测试添加启动项.exe
威胁名：  测试开机启动项
威胁描述：测试开机启动使用
处理结果：成功
文件：    M:\复件 (12) 测试添加启动项.exe
威胁名：  测试开机启动项
威胁描述：测试开机启动使用
处理结果：成功
文件：    M:\复件 (13) 测试添加启动项.exe
威胁名：  测试开机启动项
威胁描述：测试开机启动使用
处理结果：成功
文件：    M:\复件 (14) 测试添加启动项.exe
威胁名：  测试开机启动项
威胁描述：测试开机启动使用
处理结果：成功
文件：    M:\复件 (2) 测试添加启动项.exe
威胁名：  测试开机启动项
威胁描述：测试开机启动使用
处理结果：成功
文件：    M:\复件 (3) 测试添加启动项.exe
威胁名：  测试开机启动项
威胁描述：测试开机启动使用
处理结果：成功
文件：    M:\复件 (4) 测试添加启动项.exe
威胁名：  测试开机启动项
威胁描述：测试开机启动使用
处理结果：成功
文件：    M:\复件 (5) 测试添加启动项.exe
威胁名：  测试开机启动项
威胁描述：测试开机启动使用
处理结果：成功
文件：    M:\复件 (6) 测试添加启动项.exe
威胁名：  测试开机启动项
威胁描述：测试开机启动使用
处理结果：成功
文件：    M:\复件 (7) 测试添加启动项.exe
威胁名：  测试开机启动项
威胁描述：测试开机启动使用
处理结果：成功
文件：    M:\复件 (8) 测试添加启动项.exe
威胁名：  测试开机启动项
威胁描述：测试开机启动使用
处理结果：成功
文件：    M:\复件 (9) 测试添加启动项.exe
威胁名：  测试开机启动项
威胁描述：测试开机启动使用
处理结果：成功
文件：    M:\复件 测试添加启动项.exe
威胁名：  测试开机启动项
威胁描述：测试开机启动使用
处理结果：成功
文件：    M:\测试添加启动项.exe
威胁名：  测试开机启动项
威胁描述：测试开机启动使用
处理结果：成功
文件：    M:\U盘恢复工具\复件 (2) 测试添加启动项.exe
威胁名：  测试开机启动项
威胁描述：测试开机启动使用
处理结果：成功
文件：    M:\U盘恢复工具\复件 (3) 测试添加启动项.exe
威胁名：  测试开机启动项
威胁描述：测试开机启动使用
处理结果：成功
文件：    M:\U盘恢复工具\复件 (4) 测试添加启动项.exe
威胁名：  测试开机启动项
威胁描述：测试开机启动使用
处理结果：成功
文件：    M:\U盘恢复工具\复件 (5) 测试添加启动项.exe
威胁名：  测试开机启动项
威胁描述：测试开机启动使用
处理结果：成功
文件：    M:\U盘恢复工具\复件 (6) 测试添加启动项.exe
威胁名：  测试开机启动项
威胁描述：测试开机启动使用
处理结果：成功
文件：    M:\U盘恢复工具\复件 测试添加启动项.exe
威胁名：  测试开机启动项
威胁描述：测试开机启动使用
处理结果：成功
文件：    M:\U盘恢复工具\测试添加启动项.exe
威胁名：  测试开机启动项
威胁描述：测试开机启动使用
处理结果：成功
