import  : 13-01-30 19:26:16 |2760| Install Service Success!

import  : 13-01-30 19:26:29 |3620| Start Scan Serice Provider!
import  : 13-01-30 19:26:37 |2112| Reporter Status:an=install, Result:-1
import  : 13-01-30 19:26:38 |2112| Reporter Status:an=active, Result:-1
import  : 13-01-30 19:26:40 |2112| Reporter Status:an=install, Result:-1
import  : 13-01-30 19:26:41 |2112| Reporter Status:an=active, Result:-1
import  : 13-01-30 19:26:43 |2112| Reporter Status:an=install, Result:-1
import  : 13-01-30 19:26:44 |2112| Reporter Status:an=active, Result:-1
import  : 13-01-30 19:26:46 |2112| Reporter Status:an=install, Result:-1
import  : 13-01-30 19:26:47 |2112| Reporter Status:an=active, Result:-1
import  : 13-01-30 19:26:49 |2112| Reporter Status:an=install, Result:-1
import  : 13-01-30 19:26:50 |2112| Reporter Status:an=active, Result:-1
import  : 13-01-30 19:26:52 |2112| Reporter Status:an=install, Result:-1
import  : 13-01-30 19:26:53 |2112| Reporter Status:an=active, Result:-1
import  : 13-01-30 19:26:55 |2112| Reporter Status:an=install, Result:-1
import  : 13-01-30 19:26:56 |2112| Reporter Status:an=active, Result:-1
import  : 13-01-30 19:26:58 |2112| Reporter Status:an=install, Result:-1
import  : 13-01-30 19:26:59 |2112| Reporter Status:an=active, Result:-1
import  : 13-01-30 19:27:01 |2112| Reporter Status:an=install, Result:-1
import  : 13-01-30 19:27:02 |2112| Reporter Status:an=active, Result:-1
import  : 13-01-30 19:27:04 |2112| Reporter Status:an=install, Result:-1
import  : 13-01-30 19:27:05 |2112| Reporter Status:an=active, Result:-1
import  : 13-01-30 19:27:07 |2112| Reporter Status:an=install, Result:-1
import  : 13-01-30 19:27:08 |2112| Reporter Status:an=active, Result:-1
import  : 13-01-30 19:37:09 |2112| Reporter Status:an=install, Result:-1
import  : 13-01-30 19:37:10 |2112| Reporter Status:an=active, Result:-1
import  : 13-01-30 19:47:13 |2112| Reporter Status:an=install, Result:-1
import  : 13-01-30 19:47:14 |2112| Reporter Status:an=active, Result:-1
import  : 13-01-30 19:57:15 |2112| Reporter Status:an=install, Result:-1
import  : 13-01-30 19:57:16 |2112| Reporter Status:an=active, Result:-1
import  : 13-01-30 20:07:18 |2112| Reporter Status:an=install, Result:-1
import  : 13-01-30 20:07:19 |2112| Reporter Status:an=active, Result:-1
import  : 13-01-30 20:17:21 |2112| Reporter Status:an=install, Result:-1
import  : 13-01-30 20:17:22 |2112| Reporter Status:an=active, Result:-1
import  : 13-01-30 20:27:24 |2112| Reporter Status:an=install, Result:-1
import  : 13-01-30 20:27:25 |2112| Reporter Status:an=active, Result:-1
import  : 13-01-30 20:37:26 |2112| Reporter Status:an=install, Result:-1
import  : 13-01-30 20:37:27 |2112| Reporter Status:an=active, Result:-1
import  : 13-01-30 20:47:30 |2112| Reporter Status:an=install, Result:-1
import  : 13-01-30 20:47:31 |2112| Reporter Status:an=active, Result:-1
import  : 13-01-30 20:57:33 |2112| Reporter Status:an=install, Result:-1
import  : 13-01-30 20:57:34 |2112| Reporter Status:an=active, Result:-1
import  : 13-01-30 21:07:36 |2112| Reporter Status:an=install, Result:-1
import  : 13-01-30 21:07:37 |2112| Reporter Status:an=active, Result:-1
import  : 13-01-30 21:17:39 |2112| Reporter Status:an=install, Result:-1
import  : 13-01-30 21:17:40 |2112| Reporter Status:an=active, Result:-1
import  : 13-01-30 21:27:41 |2112| Reporter Status:an=install, Result:-1
import  : 13-01-30 21:27:42 |2112| Reporter Status:an=active, Result:-1
import  : 13-01-30 21:37:44 |2112| Reporter Status:an=install, Result:-1
import  : 13-01-30 21:37:45 |2112| Reporter Status:an=active, Result:-1
import  : 13-01-30 21:47:48 |2112| Reporter Status:an=install, Result:-1
import  : 13-01-30 21:47:49 |2112| Reporter Status:an=active, Result:-1
import  : 13-01-30 21:57:51 |2112| Reporter Status:an=install, Result:-1
import  : 13-01-30 21:57:52 |2112| Reporter Status:an=active, Result:-1
import  : 13-01-30 22:07:54 |2112| Reporter Status:an=install, Result:-1
import  : 13-01-30 22:07:55 |2112| Reporter Status:an=active, Result:-1
import  : 13-01-30 22:17:56 |2112| Reporter Status:an=install, Result:-1
import  : 13-01-30 22:17:57 |2112| Reporter Status:an=active, Result:-1
import  : 13-01-30 22:27:59 |2112| Reporter Status:an=install, Result:-1
import  : 13-01-30 22:28:00 |2112| Reporter Status:an=active, Result:-1
import  : 13-02-06 17:05:59 |6216| Start Scan Serice Provider!
import  : 13-02-06 17:06:01 |6668| Reporter Status:an=install, Result:-1
import  : 13-02-06 17:06:02 |6668| Reporter Status:an=active, Result:-1
import  : 13-02-06 17:06:04 |6668| Reporter Status:an=install, Result:-1
import  : 13-02-06 17:06:05 |6668| Reporter Status:an=active, Result:-1
import  : 13-02-06 17:06:07 |6668| Reporter Status:an=install, Result:-1
import  : 13-02-06 17:06:08 |6668| Reporter Status:an=active, Result:-1
import  : 13-02-06 17:06:10 |6668| Reporter Status:an=install, Result:-1
import  : 13-02-06 17:06:11 |6668| Reporter Status:an=active, Result:-1
import  : 13-02-06 17:06:13 |6668| Reporter Status:an=install, Result:-1
import  : 13-02-06 17:06:14 |6668| Reporter Status:an=active, Result:-1
import  : 13-02-06 17:06:16 |6668| Reporter Status:an=install, Result:-1
import  : 13-02-06 17:06:17 |6668| Reporter Status:an=active, Result:-1
import  : 13-02-06 17:06:19 |6668| Reporter Status:an=install, Result:-1
import  : 13-02-06 17:06:20 |6668| Reporter Status:an=active, Result:-1
import  : 13-02-06 17:06:22 |6668| Reporter Status:an=install, Result:-1
import  : 13-02-06 17:06:23 |6668| Reporter Status:an=active, Result:-1
import  : 13-02-06 17:06:25 |6668| Reporter Status:an=install, Result:-1
import  : 13-02-06 17:06:26 |6668| Reporter Status:an=active, Result:-1
import  : 13-02-06 17:06:28 |6668| Reporter Status:an=install, Result:-1
import  : 13-02-06 17:06:29 |6668| Reporter Status:an=active, Result:-1
import  : 13-02-06 17:06:31 |6668| Reporter Status:an=install, Result:-1
import  : 13-02-06 17:06:32 |6668| Reporter Status:an=active, Result:-1
import  : 13-02-06 17:16:33 |6668| Reporter Status:an=install, Result:-1
import  : 13-02-06 17:16:34 |6668| Reporter Status:an=active, Result:-1
import  : 13-02-06 17:26:35 |6668| Reporter Status:an=install, Result:-1
import  : 13-02-06 17:26:36 |6668| Reporter Status:an=active, Result:-1
import  : 13-02-06 17:36:37 |6668| Reporter Status:an=install, Result:-1
import  : 13-02-06 17:36:38 |6668| Reporter Status:an=active, Result:-1
import  : 13-02-06 17:46:40 |6668| Reporter Status:an=install, Result:-1
import  : 13-02-06 17:46:41 |6668| Reporter Status:an=active, Result:-1
import  : 13-02-06 17:56:42 |6668| Reporter Status:an=install, Result:-1
import  : 13-02-06 17:56:43 |6668| Reporter Status:an=active, Result:-1
import  : 13-02-06 18:06:44 |6668| Reporter Status:an=install, Result:-1
import  : 13-02-06 18:06:45 |6668| Reporter Status:an=active, Result:-1
import  : 13-02-06 18:16:46 |6668| Reporter Status:an=install, Result:-1
import  : 13-02-06 18:16:47 |6668| Reporter Status:an=active, Result:-1
import  : 13-02-06 18:26:48 |6668| Reporter Status:an=install, Result:-1
import  : 13-02-06 18:26:49 |6668| Reporter Status:an=active, Result:-1
import  : 13-02-06 18:36:50 |6668| Reporter Status:an=install, Result:-1
import  : 13-02-06 18:36:51 |6668| Reporter Status:an=active, Result:-1
import  : 13-02-06 18:44:34 |2060| User Notify Stop Scan Service Provider!
import  : 13-02-06 18:44:34 |2060| Start Stop Scan Service Provider!
import  : 13-02-06 18:44:35 |6668| Reporter Status:an=install, Result:-1
import  : 13-02-06 18:44:36 |6668| Reporter Status:an=active, Result:-1
import  : 13-02-06 18:44:39 |6216| Stop Service Timeout, TerminateProcess
import  : 13-02-06 18:46:28 |5772| Install Service Success!

import  : 13-02-06 18:46:36 |6540| Start Scan Serice Provider!
import  : 13-02-06 18:46:38 |6752| Reporter Status:an=install, Result:-1
import  : 13-02-06 18:46:39 |6752| Reporter Status:an=active, Result:-1
import  : 13-02-06 18:46:41 |6752| Reporter Status:an=install, Result:-1
import  : 13-02-06 18:46:42 |6752| Reporter Status:an=active, Result:-1
import  : 13-02-06 18:46:44 |6752| Reporter Status:an=install, Result:-1
import  : 13-02-06 18:46:45 |6752| Reporter Status:an=active, Result:-1
import  : 13-02-06 18:46:47 |6752| Reporter Status:an=install, Result:-1
import  : 13-02-06 18:46:48 |6752| Reporter Status:an=active, Result:-1
import  : 13-02-06 18:46:50 |6752| Reporter Status:an=install, Result:-1
import  : 13-02-06 18:46:51 |6752| Reporter Status:an=active, Result:-1
import  : 13-02-06 18:46:53 |6752| Reporter Status:an=install, Result:-1
import  : 13-02-06 18:46:54 |6752| Reporter Status:an=active, Result:-1
import  : 13-02-06 18:46:56 |6752| Reporter Status:an=install, Result:-1
import  : 13-02-06 18:46:57 |6752| Reporter Status:an=active, Result:-1
import  : 13-02-06 18:46:59 |6752| Reporter Status:an=install, Result:-1
import  : 13-02-06 18:47:00 |6752| Reporter Status:an=active, Result:-1
import  : 13-02-06 18:47:02 |6752| Reporter Status:an=install, Result:-1
import  : 13-02-06 18:47:03 |6752| Reporter Status:an=active, Result:-1
import  : 13-02-06 18:47:05 |6752| Reporter Status:an=install, Result:-1
import  : 13-02-06 18:47:06 |6752| Reporter Status:an=active, Result:-1
import  : 13-02-06 18:47:08 |6752| Reporter Status:an=install, Result:-1
import  : 13-02-06 18:47:09 |6752| Reporter Status:an=active, Result:-1
import  : 13-02-06 18:57:10 |6752| Reporter Status:an=install, Result:-1
import  : 13-02-06 18:57:11 |6752| Reporter Status:an=active, Result:-1
import  : 13-02-06 19:07:12 |6752| Reporter Status:an=install, Result:-1
import  : 13-02-06 19:07:13 |6752| Reporter Status:an=active, Result:-1
import  : 13-02-06 19:17:14 |6752| Reporter Status:an=install, Result:-1
import  : 13-02-06 19:17:15 |6752| Reporter Status:an=active, Result:-1
import  : 13-02-06 19:27:16 |6752| Reporter Status:an=install, Result:-1
import  : 13-02-06 19:27:17 |6752| Reporter Status:an=active, Result:-1
import  : 13-02-06 19:33:58 |6852| Start Stop Scan Service Provider!
import  : 13-02-06 19:34:00 |6752| Reporter Status:an=install, Result:-1
import  : 13-02-06 19:34:01 |6752| Reporter Status:an=active, Result:-1
import  : 13-02-06 19:34:01 |6540| Stop Scan Service Provider Success!

import  : 13-02-06 19:34:46 | 676| Install Service Success!

import  : 13-02-06 19:34:49 |5440| Start Scan Serice Provider!
import  : 13-02-06 19:34:52 |6264| Reporter Status:an=install, Result:-1
import  : 13-02-06 19:34:53 |6264| Reporter Status:an=active, Result:-1
import  : 13-02-06 19:34:55 |6264| Reporter Status:an=install, Result:-1
import  : 13-02-06 19:34:56 |6264| Reporter Status:an=active, Result:-1
import  : 13-02-06 19:34:58 |6264| Reporter Status:an=install, Result:-1
import  : 13-02-06 19:34:59 |6264| Reporter Status:an=active, Result:-1
import  : 13-02-06 19:35:01 |6264| Reporter Status:an=install, Result:-1
import  : 13-02-06 19:35:02 |6264| Reporter Status:an=active, Result:-1
import  : 13-02-06 19:35:04 |6264| Reporter Status:an=install, Result:-1
import  : 13-02-06 19:35:05 |6264| Reporter Status:an=active, Result:-1
import  : 13-02-06 19:35:07 |6264| Reporter Status:an=install, Result:-1
import  : 13-02-06 19:35:07 |6560| Start Stop Scan Service Provider!
import  : 13-02-06 19:35:08 |6264| Reporter Status:an=active, Result:-1
import  : 13-02-06 19:35:11 |5440| Stop Scan Service Provider Success!

import  : 13-02-06 19:35:26 |6192| Install Service Success!

import  : 13-02-06 19:35:30 |2608| Start Scan Serice Provider!
import  : 13-02-06 19:35:32 |6012| Reporter Status:an=install, Result:-1
import  : 13-02-06 19:35:33 |6012| Reporter Status:an=active, Result:-1
import  : 13-02-06 19:35:35 |6012| Reporter Status:an=install, Result:-1
import  : 13-02-06 19:35:36 |6012| Reporter Status:an=active, Result:-1
import  : 13-02-06 19:35:38 |6012| Reporter Status:an=install, Result:-1
import  : 13-02-06 19:35:39 |6012| Reporter Status:an=active, Result:-1
import  : 13-02-06 19:35:41 |6012| Reporter Status:an=install, Result:-1
import  : 13-02-06 19:35:42 |6012| Reporter Status:an=active, Result:-1
import  : 13-02-06 19:35:44 |6012| Reporter Status:an=install, Result:-1
import  : 13-02-06 19:35:45 |6012| Reporter Status:an=active, Result:-1
import  : 13-02-06 19:35:47 |6012| Reporter Status:an=install, Result:-1
import  : 13-02-06 19:35:48 |6012| Reporter Status:an=active, Result:-1
import  : 13-02-06 19:35:50 |6012| Reporter Status:an=install, Result:-1
import  : 13-02-06 19:35:51 |6012| Reporter Status:an=active, Result:-1
import  : 13-02-06 19:35:53 |6012| Reporter Status:an=install, Result:-1
import  : 13-02-06 19:35:54 |6012| Reporter Status:an=active, Result:-1
import  : 13-02-06 19:35:56 |6012| Reporter Status:an=install, Result:-1
import  : 13-02-06 19:35:57 |6012| Reporter Status:an=active, Result:-1
import  : 13-02-06 19:35:59 |6012| Reporter Status:an=install, Result:-1
import  : 13-02-06 19:35:59 |1120| User Notify Stop Scan Service Provider!
import  : 13-02-06 19:35:59 |1120| Start Stop Scan Service Provider!
import  : 13-02-06 19:36:00 |6012| Reporter Status:an=active, Result:-1
import  : 13-02-06 19:36:00 |2608| Stop Scan Service Provider Success!

import  : 13-02-06 19:36:30 |6572| Install Service Success!

import  : 13-02-06 19:36:33 |6840| Start Scan Serice Provider!
import  : 13-02-06 19:36:34 |4544| Reporter Status:an=install, Result:-1
import  : 13-02-06 19:36:35 |4544| Reporter Status:an=active, Result:-1
import  : 13-02-06 19:36:36 |6532| User Notify Stop Scan Service Provider!
import  : 13-02-06 19:36:36 |6532| Start Stop Scan Service Provider!
import  : 13-02-06 19:36:37 |4544| Reporter Status:an=install, Result:-1
import  : 13-02-06 19:36:37 |6840| Stop Scan Service Provider Success!

import  : 13-02-06 19:50:28 |2364| Install Service Success!

import  : 13-02-06 19:50:32 |6692| Start Scan Serice Provider!
import  : 13-02-06 19:50:33 |4908| Reporter Status:an=install, Result:-1
import  : 13-02-06 19:50:34 |4908| Reporter Status:an=active, Result:-1
import  : 13-02-06 19:50:36 |4908| Reporter Status:an=install, Result:-1
import  : 13-02-06 19:50:37 |4908| Reporter Status:an=active, Result:-1
import  : 13-02-06 19:50:39 |4908| Reporter Status:an=install, Result:-1
import  : 13-02-06 19:50:40 |4908| Reporter Status:an=active, Result:-1
import  : 13-02-06 19:50:42 |4908| Reporter Status:an=install, Result:-1
import  : 13-02-06 19:50:43 |6584| User Notify Stop Scan Service Provider!
import  : 13-02-06 19:50:43 |6584| Start Stop Scan Service Provider!
import  : 13-02-06 19:50:43 |4908| Reporter Status:an=active, Result:-1
import  : 13-02-06 19:50:43 |6692| Stop Scan Service Provider Success!

import  : 13-03-23 19:34:28 |1084| Install Service Success!

import  : 13-03-23 19:34:33 |5448| Start Scan Serice Provider!
import  : 13-03-23 19:34:37 |7172| Reporter Status:an=install, Result:-1
import  : 13-03-23 19:34:38 |7172| Reporter Status:an=active, Result:-1
import  : 13-03-23 19:34:40 |7172| Reporter Status:an=install, Result:-1
import  : 13-03-23 19:34:41 |7172| Reporter Status:an=active, Result:-1
import  : 13-03-23 19:34:43 |7172| Reporter Status:an=install, Result:-1
import  : 13-03-23 19:34:44 |7172| Reporter Status:an=active, Result:-1
import  : 13-03-23 19:34:46 |7172| Reporter Status:an=install, Result:-1
import  : 13-03-23 19:34:47 |7172| Reporter Status:an=active, Result:-1
import  : 13-03-23 19:34:49 |7172| Reporter Status:an=install, Result:-1
import  : 13-03-23 19:34:50 |7172| Reporter Status:an=active, Result:-1
import  : 13-03-23 19:34:52 |7172| Reporter Status:an=install, Result:-1
import  : 13-03-23 19:34:53 |7172| Reporter Status:an=active, Result:-1
import  : 13-03-23 19:34:55 |7172| Reporter Status:an=install, Result:-1
import  : 13-03-23 19:34:56 |7172| Reporter Status:an=active, Result:-1
import  : 13-03-23 19:34:58 |7172| Reporter Status:an=install, Result:-1
import  : 13-03-23 19:34:59 |7172| Reporter Status:an=active, Result:-1
import  : 13-03-23 19:35:01 |7172| Reporter Status:an=install, Result:-1
import  : 13-03-23 19:35:02 |7172| Reporter Status:an=active, Result:-1
import  : 13-03-23 19:35:04 |7172| Reporter Status:an=install, Result:-1
import  : 13-03-23 19:35:05 |7172| Reporter Status:an=active, Result:-1
import  : 13-03-23 19:35:07 |7172| Reporter Status:an=install, Result:-1
import  : 13-03-23 19:35:08 |7172| Reporter Status:an=active, Result:-1
import  : 13-03-23 19:38:29 |5004| Start Stop Scan Service Provider!
import  : 13-03-23 19:38:30 |7172| Reporter Status:an=install, Result:-1
import  : 13-03-23 19:38:31 |5448| Stop Scan Service Provider Success!

import  : 13-04-03 18:34:04 |5268| Install Service Success!

import  : 13-04-03 18:34:06 |4068| Start Scan Serice Provider!
import  : 13-04-03 18:34:09 |2728| Reporter Status:an=install, Result:-1
import  : 13-04-03 18:34:10 |2728| Reporter Status:an=active, Result:-1
import  : 13-04-03 18:34:12 |2728| Reporter Status:an=install, Result:-1
import  : 13-04-03 18:34:13 |2728| Reporter Status:an=active, Result:-1
import  : 13-04-03 18:34:15 |2728| Reporter Status:an=install, Result:-1
import  : 13-04-03 18:34:16 |2728| Reporter Status:an=active, Result:-1
import  : 13-04-03 18:34:18 |2728| Reporter Status:an=install, Result:-1
import  : 13-04-03 18:34:19 |2728| Reporter Status:an=active, Result:-1
import  : 13-04-03 18:34:21 |2728| Reporter Status:an=install, Result:-1
import  : 13-04-03 18:34:22 |2728| Reporter Status:an=active, Result:-1
import  : 13-04-03 18:34:24 |2728| Reporter Status:an=install, Result:-1
import  : 13-04-03 18:34:25 |2728| Reporter Status:an=active, Result:-1
import  : 13-04-03 18:34:27 |2728| Reporter Status:an=install, Result:-1
import  : 13-04-03 18:34:29 |2728| Reporter Status:an=active, Result:-1
import  : 13-04-03 18:34:31 |2728| Reporter Status:an=install, Result:-1
import  : 13-04-03 18:34:32 |2728| Reporter Status:an=active, Result:-1
import  : 13-04-03 18:34:34 |2728| Reporter Status:an=install, Result:-1
import  : 13-04-03 18:34:35 |2728| Reporter Status:an=active, Result:-1
import  : 13-04-03 18:34:37 |2728| Reporter Status:an=install, Result:-1
import  : 13-04-03 18:34:38 |2728| Reporter Status:an=active, Result:-1
import  : 13-04-03 18:34:40 |2728| Reporter Status:an=install, Result:-1
import  : 13-04-03 18:34:41 |2728| Reporter Status:an=active, Result:-1
import  : 13-04-03 18:36:15 |4020| Start Stop Scan Service Provider!
import  : 13-04-03 18:36:16 |2728| Reporter Status:an=install, Result:-1
import  : 13-04-03 18:36:17 |2728| Reporter Status:an=active, Result:-1
import  : 13-04-03 18:36:17 |4068| Stop Scan Service Provider Success!

import  : 13-04-03 18:36:27 |1316| Install Service Success!

import  : 13-04-03 18:36:30 |4492| Start Scan Serice Provider!
import  : 13-04-03 18:36:31 |6132| Reporter Status:an=install, Result:-1
import  : 13-04-03 18:36:32 |6132| Reporter Status:an=active, Result:-1
import  : 13-04-03 18:36:34 |6132| Reporter Status:an=install, Result:-1
import  : 13-04-03 18:36:35 |6132| Reporter Status:an=active, Result:-1
import  : 13-04-03 18:36:37 |6132| Reporter Status:an=install, Result:-1
import  : 13-04-03 18:36:38 |6132| Reporter Status:an=active, Result:-1
import  : 13-04-03 18:36:41 |6132| Reporter Status:an=install, Result:-1
import  : 13-04-03 18:36:42 |6132| Reporter Status:an=active, Result:-1
import  : 13-04-03 18:36:44 |6132| Reporter Status:an=install, Result:-1
import  : 13-04-03 18:36:45 |6132| Reporter Status:an=active, Result:-1
import  : 13-04-03 18:36:47 |6132| Reporter Status:an=install, Result:-1
import  : 13-04-03 18:36:48 |6132| Reporter Status:an=active, Result:-1
import  : 13-04-03 18:36:50 |6132| Reporter Status:an=install, Result:-1
import  : 13-04-03 18:36:51 |6132| Reporter Status:an=active, Result:-1
import  : 13-04-03 18:36:53 |6132| Reporter Status:an=install, Result:-1
import  : 13-04-03 18:36:54 |6132| Reporter Status:an=active, Result:-1
import  : 13-04-03 18:36:56 |6132| Reporter Status:an=install, Result:-1
import  : 13-04-03 18:36:57 |6132| Reporter Status:an=active, Result:-1
import  : 13-04-03 18:36:59 |6132| Reporter Status:an=install, Result:-1
import  : 13-04-03 18:37:00 |6132| Reporter Status:an=active, Result:-1
import  : 13-04-03 18:37:02 |6132| Reporter Status:an=install, Result:-1
import  : 13-04-03 18:37:03 |6132| Reporter Status:an=active, Result:-1
import  : 13-04-03 18:47:04 |6132| Reporter Status:an=install, Result:-1
import  : 13-04-03 18:47:05 |6132| Reporter Status:an=active, Result:-1
import  : 13-04-03 18:47:41 |5784| Start Stop Scan Service Provider!
import  : 13-04-03 18:47:42 |6132| Reporter Status:an=install, Result:-1
import  : 13-04-03 18:47:43 |4492| Stop Scan Service Provider Success!

import  : 13-04-03 18:47:51 |5596| Install Service Success!

import  : 13-04-03 18:47:54 |5288| Start Scan Serice Provider!
import  : 13-04-03 18:47:55 |4068| Reporter Status:an=install, Result:-1
import  : 13-04-03 18:47:56 |4068| Reporter Status:an=active, Result:-1
import  : 13-04-03 18:47:58 |4068| Reporter Status:an=install, Result:-1
import  : 13-04-03 18:47:59 |4068| Reporter Status:an=active, Result:-1
import  : 13-04-03 18:48:01 |4068| Reporter Status:an=install, Result:-1
import  : 13-04-03 18:48:02 |4068| Reporter Status:an=active, Result:-1
import  : 13-04-03 18:48:04 |4068| Reporter Status:an=install, Result:-1
import  : 13-04-03 18:48:05 |4068| Reporter Status:an=active, Result:-1
import  : 13-04-03 18:48:07 |4068| Reporter Status:an=install, Result:-1
import  : 13-04-03 18:48:08 |4068| Reporter Status:an=active, Result:-1
import  : 13-04-03 18:48:10 |4068| Reporter Status:an=install, Result:-1
import  : 13-04-03 18:48:11 |4068| Reporter Status:an=active, Result:-1
import  : 13-04-03 18:48:13 |4068| Reporter Status:an=install, Result:-1
import  : 13-04-03 18:48:14 |4068| Reporter Status:an=active, Result:-1
import  : 13-04-03 18:48:16 |4068| Reporter Status:an=install, Result:-1
import  : 13-04-03 18:48:17 |4068| Reporter Status:an=active, Result:-1
import  : 13-04-03 18:48:19 |4068| Reporter Status:an=install, Result:-1
import  : 13-04-03 18:48:20 |4068| Reporter Status:an=active, Result:-1
import  : 13-04-03 18:48:22 |4068| Reporter Status:an=install, Result:-1
import  : 13-04-03 18:48:23 |4068| Reporter Status:an=active, Result:-1
import  : 13-04-03 18:48:25 |4068| Reporter Status:an=install, Result:-1
import  : 13-04-03 18:48:26 |4068| Reporter Status:an=active, Result:-1
import  : 13-04-03 18:58:27 |4068| Reporter Status:an=install, Result:-1
import  : 13-04-03 18:58:28 |4068| Reporter Status:an=active, Result:-1
import  : 13-04-03 19:02:57 |4028| Start Stop Scan Service Provider!
import  : 13-04-03 19:02:58 |4068| Reporter Status:an=install, Result:-1
import  : 13-04-03 19:02:59 |4068| Reporter Status:an=active, Result:-1
import  : 13-04-03 19:02:59 |5288| Stop Scan Service Provider Success!

import  : 13-04-03 19:03:09 |3692| Install Service Success!

import  : 13-04-03 19:03:09 |4788| Start Scan Serice Provider!
import  : 13-04-03 19:03:11 |3884| Reporter Status:an=install, Result:-1
import  : 13-04-03 19:03:12 |3884| Reporter Status:an=active, Result:-1
import  : 13-04-03 19:03:14 |3884| Reporter Status:an=install, Result:-1
import  : 13-04-03 19:03:15 |3884| Reporter Status:an=active, Result:-1
import  : 13-04-03 19:03:17 |3884| Reporter Status:an=install, Result:-1
import  : 13-04-03 19:03:18 |3884| Reporter Status:an=active, Result:-1
import  : 13-04-03 19:03:20 |3884| Reporter Status:an=install, Result:-1
import  : 13-04-03 19:03:21 |3884| Reporter Status:an=active, Result:-1
import  : 13-04-03 19:03:23 |3884| Reporter Status:an=install, Result:-1
import  : 13-04-03 19:03:24 |3884| Reporter Status:an=active, Result:-1
import  : 13-04-03 19:03:26 |3884| Reporter Status:an=install, Result:-1
import  : 13-04-03 19:03:27 |3884| Reporter Status:an=active, Result:-1
import  : 13-04-03 19:03:29 |3884| Reporter Status:an=install, Result:-1
import  : 13-04-03 19:03:30 |3884| Reporter Status:an=active, Result:-1
import  : 13-04-03 19:03:32 |3884| Reporter Status:an=install, Result:-1
import  : 13-04-03 19:03:33 |3884| Reporter Status:an=active, Result:-1
import  : 13-04-03 19:03:35 |3884| Reporter Status:an=install, Result:-1
import  : 13-04-03 19:03:36 |3884| Reporter Status:an=active, Result:-1
import  : 13-04-03 19:03:38 |3884| Reporter Status:an=install, Result:-1
import  : 13-04-03 19:03:39 |3884| Reporter Status:an=active, Result:-1
import  : 13-04-03 19:03:41 |3884| Reporter Status:an=install, Result:-1
import  : 13-04-03 19:03:42 |3884| Reporter Status:an=active, Result:-1
import  : 13-04-03 19:13:28 |5400| Start Stop Scan Service Provider!
import  : 13-04-03 19:13:29 |3884| Reporter Status:an=install, Result:-1
import  : 13-04-03 19:13:29 |4788| Stop Scan Service Provider Success!

import  : 13-04-03 19:13:35 |3144| Install Service Success!

import  : 13-04-03 19:13:35 |4400| Start Scan Serice Provider!
import  : 13-04-03 19:13:37 |1412| Reporter Status:an=install, Result:-1
import  : 13-04-03 19:13:38 |1412| Reporter Status:an=active, Result:-1
import  : 13-04-03 19:13:40 |1412| Reporter Status:an=install, Result:-1
import  : 13-04-03 19:13:41 |1412| Reporter Status:an=active, Result:-1
import  : 13-04-03 19:13:43 |1412| Reporter Status:an=install, Result:-1
import  : 13-04-03 19:13:44 |1412| Reporter Status:an=active, Result:-1
import  : 13-04-03 19:13:46 |1412| Reporter Status:an=install, Result:-1
import  : 13-04-03 19:13:47 |1412| Reporter Status:an=active, Result:-1
import  : 13-04-03 19:13:49 |1412| Reporter Status:an=install, Result:-1
import  : 13-04-03 19:13:50 |1412| Reporter Status:an=active, Result:-1
import  : 13-04-03 19:13:52 |1412| Reporter Status:an=install, Result:-1
import  : 13-04-03 19:13:53 |1412| Reporter Status:an=active, Result:-1
import  : 13-04-03 19:13:55 |1412| Reporter Status:an=install, Result:-1
import  : 13-04-03 19:13:56 |1412| Reporter Status:an=active, Result:-1
import  : 13-04-03 19:13:58 |1412| Reporter Status:an=install, Result:-1
import  : 13-04-03 19:13:59 |1412| Reporter Status:an=active, Result:-1
import  : 13-04-03 19:14:01 |1412| Reporter Status:an=install, Result:-1
import  : 13-04-03 19:14:02 |1412| Reporter Status:an=active, Result:-1
import  : 13-04-03 19:14:04 |1412| Reporter Status:an=install, Result:-1
import  : 13-04-03 19:14:05 |1412| Reporter Status:an=active, Result:-1
import  : 13-04-03 19:14:07 |1412| Reporter Status:an=install, Result:-1
import  : 13-04-03 19:14:08 |1412| Reporter Status:an=active, Result:-1
import  : 13-05-01 10:14:25 |6920| Install Service Success!

import  : 13-05-01 10:14:29 |6228| Start Scan Serice Provider!
import  : 13-05-01 10:14:32 |6300| Reporter Status:an=install, Result:-1
import  : 13-05-01 10:14:33 |6300| Reporter Status:an=active, Result:-1
import  : 13-05-01 10:14:35 |6300| Reporter Status:an=install, Result:-1
import  : 13-05-01 10:14:36 |6300| Reporter Status:an=active, Result:-1
import  : 13-05-01 10:14:38 |6300| Reporter Status:an=install, Result:-1
import  : 13-05-01 10:14:39 |6300| Reporter Status:an=active, Result:-1
import  : 13-05-01 10:14:41 |6300| Reporter Status:an=install, Result:-1
import  : 13-05-01 10:14:42 |6300| Reporter Status:an=active, Result:-1
import  : 13-05-01 10:14:44 |6300| Reporter Status:an=install, Result:-1
import  : 13-05-01 10:14:45 |6300| Reporter Status:an=active, Result:-1
import  : 13-05-01 10:14:47 |6300| Reporter Status:an=install, Result:-1
import  : 13-05-01 10:14:48 |6300| Reporter Status:an=active, Result:-1
import  : 13-05-01 10:14:50 |6300| Reporter Status:an=install, Result:-1
import  : 13-05-01 10:14:51 |6300| Reporter Status:an=active, Result:-1
import  : 13-05-01 10:14:53 |6300| Reporter Status:an=install, Result:-1
import  : 13-05-01 10:14:54 |6300| Reporter Status:an=active, Result:-1
import  : 13-05-01 10:14:56 |6300| Reporter Status:an=install, Result:-1
import  : 13-05-01 10:14:57 |6300| Reporter Status:an=active, Result:-1
import  : 13-05-01 10:14:59 |6300| Reporter Status:an=install, Result:-1
import  : 13-05-01 10:15:00 |6300| Reporter Status:an=active, Result:-1
import  : 13-05-01 10:15:02 |6300| Reporter Status:an=install, Result:-1
import  : 13-05-01 10:15:03 |6300| Reporter Status:an=active, Result:-1
import  : 13-05-01 10:16:39 |6964| Start Stop Scan Service Provider!
import  : 13-05-01 10:16:40 |6300| Reporter Status:an=install, Result:-1
import  : 13-05-01 10:16:40 |6228| Stop Scan Service Provider Success!

import  : 13-05-01 10:21:51 |5552| Install Service Success!

import  : 13-05-01 10:21:55 |5328| Start Scan Serice Provider!
import  : 13-05-01 10:21:56 | 368| Reporter Status:an=install, Result:-1
import  : 13-05-01 10:21:57 | 368| Reporter Status:an=active, Result:-1
import  : 13-05-01 10:21:59 | 368| Reporter Status:an=install, Result:-1
import  : 13-05-01 10:22:00 | 368| Reporter Status:an=active, Result:-1
import  : 13-05-01 10:22:02 | 368| Reporter Status:an=install, Result:-1
import  : 13-05-01 10:22:03 | 368| Reporter Status:an=active, Result:-1
import  : 13-05-01 10:22:05 | 368| Reporter Status:an=install, Result:-1
import  : 13-05-01 10:22:06 | 368| Reporter Status:an=active, Result:-1
import  : 13-05-01 10:22:08 | 368| Reporter Status:an=install, Result:-1
import  : 13-05-01 10:22:09 | 368| Reporter Status:an=active, Result:-1
import  : 13-05-01 10:22:11 | 180| Start Stop Scan Service Provider!
import  : 13-05-01 10:22:11 | 368| Reporter Status:an=install, Result:-1
import  : 13-05-01 10:22:12 |5328| Stop Scan Service Provider Success!

import  : 13-05-01 10:23:36 |2308| Install Service Success!

import  : 13-05-01 10:23:36 |6848| Start Scan Serice Provider!
import  : 13-05-01 10:23:37 |5148| Reporter Status:an=install, Result:-1
import  : 13-05-01 10:23:38 |5148| Reporter Status:an=active, Result:-1
import  : 13-05-01 10:23:40 |5148| Reporter Status:an=install, Result:-1
import  : 13-05-01 10:23:41 |5148| Reporter Status:an=active, Result:-1
import  : 13-05-01 10:23:43 |5148| Reporter Status:an=install, Result:-1
import  : 13-05-01 10:23:44 |5148| Reporter Status:an=active, Result:-1
import  : 13-05-01 10:23:46 |5148| Reporter Status:an=install, Result:-1
import  : 13-05-01 10:23:47 |5148| Reporter Status:an=active, Result:-1
import  : 13-05-01 10:23:49 |5148| Reporter Status:an=install, Result:-1
import  : 13-05-01 10:23:50 |5148| Reporter Status:an=active, Result:-1
import  : 13-05-01 10:23:52 |5148| Reporter Status:an=install, Result:-1
import  : 13-05-01 10:23:53 |5148| Reporter Status:an=active, Result:-1
import  : 13-05-01 10:23:55 |5148| Reporter Status:an=install, Result:-1
import  : 13-05-01 10:23:56 |5148| Reporter Status:an=active, Result:-1
import  : 13-05-01 10:23:58 |5148| Reporter Status:an=install, Result:-1
import  : 13-05-01 10:23:59 |5148| Reporter Status:an=active, Result:-1
import  : 13-05-01 10:24:01 |5148| Reporter Status:an=install, Result:-1
import  : 13-05-01 10:24:02 |5148| Reporter Status:an=active, Result:-1
import  : 13-05-01 10:24:04 |5148| Reporter Status:an=install, Result:-1
import  : 13-05-01 10:24:05 |5148| Reporter Status:an=active, Result:-1
import  : 13-05-01 10:24:07 |5148| Reporter Status:an=install, Result:-1
import  : 13-05-01 10:24:08 |5148| Reporter Status:an=active, Result:-1
import  : 13-05-01 10:24:59 |6996| Start Stop Scan Service Provider!
import  : 13-05-01 10:25:00 |5148| Reporter Status:an=install, Result:-1
import  : 13-05-01 10:25:00 |6848| Stop Scan Service Provider Success!

