warning : 13-01-30 19:26:31 |3620| Load Cfg Over
warning : 13-01-30 19:26:31 |3620| [InitializeService] Result:0 
warning : 13-01-30 19:26:31 |3620| [StartService] RegisterToServer Result:0
warning : 13-02-06 17:06:00 |6216| Load Cfg Over
warning : 13-02-06 17:06:00 |6216| [InitializeService] Result:0 
warning : 13-02-06 17:06:00 |6216| [StartService] RegisterToServer Result:0
warning : 13-02-06 18:44:34 |2060| [_DoCloseAllSession] Begin TaskCount:0
warning : 13-02-06 18:44:34 |2060| [_DoCloseAllSession] Close Over
warning : 13-02-06 18:44:34 |2060| [StopService] Begin UnregisterServer
warning : 13-02-06 18:44:34 |2060| [StopService] UnregisterServer Result:0
warning : 13-02-06 18:46:37 |6540| Load Cfg Over
warning : 13-02-06 18:46:37 |6540| [InitializeService] Result:0 
warning : 13-02-06 18:46:37 |6540| [StartService] RegisterToServer Result:0
warning : 13-02-06 19:33:58 |6852| [_DoCloseAllSession] Begin TaskCount:0
warning : 13-02-06 19:33:58 |6852| [_DoCloseAllSession] Close Over
warning : 13-02-06 19:33:58 |6852| [StopService] Begin UnregisterServer
warning : 13-02-06 19:33:58 |6852| [StopService] UnregisterServer Result:0
warning : 13-02-06 19:33:58 |6852| [UninitializeService] Begin UninitializeService
warning : 13-02-06 19:34:00 |6852| [UninitializeService] UninitializeService Success

warning : 13-02-06 19:34:49 |5440| Load Cfg Over
warning : 13-02-06 19:34:49 |5440| [InitializeService] Result:0 
warning : 13-02-06 19:34:49 |5440| [StartService] RegisterToServer Result:0
warning : 13-02-06 19:35:07 |6560| [_DoCloseAllSession] Begin TaskCount:0
warning : 13-02-06 19:35:07 |6560| [_DoCloseAllSession] Close Over
warning : 13-02-06 19:35:07 |6560| [StopService] Begin UnregisterServer
warning : 13-02-06 19:35:07 |6560| [StopService] UnregisterServer Result:0
warning : 13-02-06 19:35:11 |6560| [UninitializeService] Begin UninitializeService
warning : 13-02-06 19:35:11 |6560| [UninitializeService] UninitializeService Success

warning : 13-02-06 19:35:30 |2608| Load Cfg Over
warning : 13-02-06 19:35:31 |2608| [InitializeService] Result:0 
warning : 13-02-06 19:35:31 |2608| [StartService] RegisterToServer Result:0
warning : 13-02-06 19:35:59 |1120| [_DoCloseAllSession] Begin TaskCount:0
warning : 13-02-06 19:35:59 |1120| [_DoCloseAllSession] Close Over
warning : 13-02-06 19:35:59 |1120| [StopService] Begin UnregisterServer
warning : 13-02-06 19:35:59 |1120| [StopService] UnregisterServer Result:0
warning : 13-02-06 19:35:59 |1120| [UninitializeService] Begin UninitializeService
warning : 13-02-06 19:35:59 |1120| [UninitializeService] UninitializeService Success

warning : 13-02-06 19:36:33 |6840| Load Cfg Over
warning : 13-02-06 19:36:33 |6840| [InitializeService] Result:0 
warning : 13-02-06 19:36:33 |6840| [StartService] RegisterToServer Result:0
warning : 13-02-06 19:36:36 |6532| [_DoCloseAllSession] Begin TaskCount:0
warning : 13-02-06 19:36:36 |6532| [_DoCloseAllSession] Close Over
warning : 13-02-06 19:36:36 |6532| [StopService] Begin UnregisterServer
warning : 13-02-06 19:36:36 |6532| [StopService] UnregisterServer Result:0
warning : 13-02-06 19:36:36 |6532| [UninitializeService] Begin UninitializeService
warning : 13-02-06 19:36:36 |6532| [UninitializeService] UninitializeService Success

warning : 13-02-06 19:50:32 |6692| Load Cfg Over
warning : 13-02-06 19:50:32 |6692| [InitializeService] Result:0 
warning : 13-02-06 19:50:32 |6692| [StartService] RegisterToServer Result:0
warning : 13-02-06 19:50:43 |6584| [_DoCloseAllSession] Begin TaskCount:0
warning : 13-02-06 19:50:43 |6584| [_DoCloseAllSession] Close Over
warning : 13-02-06 19:50:43 |6584| [StopService] Begin UnregisterServer
warning : 13-02-06 19:50:43 |6584| [StopService] UnregisterServer Result:0
warning : 13-02-06 19:50:43 |6584| [UninitializeService] Begin UninitializeService
warning : 13-02-06 19:50:43 |6584| [UninitializeService] UninitializeService Success

warning : 13-03-23 19:34:34 |5448| Load Cfg Over
warning : 13-03-23 19:34:34 |5448| [InitializeService] Result:0 
warning : 13-03-23 19:34:34 |5448| [StartService] RegisterToServer Result:0
warning : 13-03-23 19:38:29 |5004| [_DoCloseAllSession] Begin TaskCount:0
warning : 13-03-23 19:38:29 |5004| [_DoCloseAllSession] Close Over
warning : 13-03-23 19:38:29 |5004| [StopService] Begin UnregisterServer
warning : 13-03-23 19:38:29 |5004| [StopService] UnregisterServer Result:0
warning : 13-03-23 19:38:29 |5004| [UninitializeService] Begin UninitializeService
warning : 13-03-23 19:38:30 |5004| [UninitializeService] UninitializeService Success

warning : 13-04-03 18:34:08 |4068| Load Cfg Over
warning : 13-04-03 18:34:08 |4068| [InitializeService] Result:0 
warning : 13-04-03 18:34:08 |4068| [StartService] RegisterToServer Result:0
warning : 13-04-03 18:36:15 |4020| [_DoCloseAllSession] Begin TaskCount:0
warning : 13-04-03 18:36:15 |4020| [_DoCloseAllSession] Close Over
warning : 13-04-03 18:36:15 |4020| [StopService] Begin UnregisterServer
warning : 13-04-03 18:36:15 |4020| [StopService] UnregisterServer Result:0
warning : 13-04-03 18:36:15 |4020| [UninitializeService] Begin UninitializeService
warning : 13-04-03 18:36:16 |4020| [UninitializeService] UninitializeService Success

warning : 13-04-03 18:36:30 |4492| Load Cfg Over
warning : 13-04-03 18:36:30 |4492| [InitializeService] Result:0 
warning : 13-04-03 18:36:30 |4492| [StartService] RegisterToServer Result:0
warning : 13-04-03 18:47:41 |5784| [_DoCloseAllSession] Begin TaskCount:0
warning : 13-04-03 18:47:41 |5784| [_DoCloseAllSession] Close Over
warning : 13-04-03 18:47:41 |5784| [StopService] Begin UnregisterServer
warning : 13-04-03 18:47:41 |5784| [StopService] UnregisterServer Result:0
warning : 13-04-03 18:47:41 |5784| [UninitializeService] Begin UninitializeService
warning : 13-04-03 18:47:42 |5784| [UninitializeService] UninitializeService Success

warning : 13-04-03 18:47:54 |5288| Load Cfg Over
warning : 13-04-03 18:47:54 |5288| [InitializeService] Result:0 
warning : 13-04-03 18:47:54 |5288| [StartService] RegisterToServer Result:0
warning : 13-04-03 19:02:57 |4028| [_DoCloseAllSession] Begin TaskCount:0
warning : 13-04-03 19:02:57 |4028| [_DoCloseAllSession] Close Over
warning : 13-04-03 19:02:57 |4028| [StopService] Begin UnregisterServer
warning : 13-04-03 19:02:57 |4028| [StopService] UnregisterServer Result:0
warning : 13-04-03 19:02:58 |4028| [UninitializeService] Begin UninitializeService
warning : 13-04-03 19:02:58 |4028| [UninitializeService] UninitializeService Success

warning : 13-04-03 19:03:10 |4788| Load Cfg Over
warning : 13-04-03 19:03:10 |4788| [InitializeService] Result:0 
warning : 13-04-03 19:03:10 |4788| [StartService] RegisterToServer Result:0
warning : 13-04-03 19:13:28 |5400| [_DoCloseAllSession] Begin TaskCount:0
warning : 13-04-03 19:13:28 |5400| [_DoCloseAllSession] Close Over
warning : 13-04-03 19:13:28 |5400| [StopService] Begin UnregisterServer
warning : 13-04-03 19:13:28 |5400| [StopService] UnregisterServer Result:0
warning : 13-04-03 19:13:28 |5400| [UninitializeService] Begin UninitializeService
warning : 13-04-03 19:13:28 |5400| [UninitializeService] UninitializeService Success

warning : 13-04-03 19:13:36 |4400| Load Cfg Over
warning : 13-04-03 19:13:36 |4400| [InitializeService] Result:0 
warning : 13-04-03 19:13:36 |4400| [StartService] RegisterToServer Result:0
warning : 13-05-01 10:14:30 |6228| Load Cfg Over
warning : 13-05-01 10:14:31 |6228| [InitializeService] Result:0 
warning : 13-05-01 10:14:31 |6228| [StartService] RegisterToServer Result:0
warning : 13-05-01 10:16:39 |6964| [_DoCloseAllSession] Begin TaskCount:0
warning : 13-05-01 10:16:39 |6964| [_DoCloseAllSession] Close Over
warning : 13-05-01 10:16:39 |6964| [StopService] Begin UnregisterServer
warning : 13-05-01 10:16:39 |6964| [StopService] UnregisterServer Result:0
warning : 13-05-01 10:16:39 |6964| [UninitializeService] Begin UninitializeService
warning : 13-05-01 10:16:39 |6964| [UninitializeService] UninitializeService Success

warning : 13-05-01 10:21:55 |5328| Load Cfg Over
warning : 13-05-01 10:21:55 |5328| [InitializeService] Result:0 
warning : 13-05-01 10:21:55 |5328| [StartService] RegisterToServer Result:0
warning : 13-05-01 10:22:11 | 180| [_DoCloseAllSession] Begin TaskCount:0
warning : 13-05-01 10:22:11 | 180| [_DoCloseAllSession] Close Over
warning : 13-05-01 10:22:11 | 180| [StopService] Begin UnregisterServer
warning : 13-05-01 10:22:11 | 180| [StopService] UnregisterServer Result:0
warning : 13-05-01 10:22:11 | 180| [UninitializeService] Begin UninitializeService
warning : 13-05-01 10:22:11 | 180| [UninitializeService] UninitializeService Success

warning : 13-05-01 10:23:36 |6848| Load Cfg Over
warning : 13-05-01 10:23:36 |6848| [InitializeService] Result:0 
warning : 13-05-01 10:23:36 |6848| [StartService] RegisterToServer Result:0
warning : 13-05-01 10:24:59 |6996| [_DoCloseAllSession] Begin TaskCount:0
warning : 13-05-01 10:24:59 |6996| [_DoCloseAllSession] Close Over
warning : 13-05-01 10:24:59 |6996| [StopService] Begin UnregisterServer
warning : 13-05-01 10:24:59 |6996| [StopService] UnregisterServer Result:0
warning : 13-05-01 10:24:59 |6996| [UninitializeService] Begin UninitializeService
warning : 13-05-01 10:24:59 |6996| [UninitializeService] UninitializeService Success

