import  : 13-01-30 19:26:16 |2760| Install Service Success!

import  : 13-01-30 19:26:29 |3620| Start Scan Serice Provider!
import  : 13-01-30 19:26:37 |2112| Reporter Status:an=install, Result:-1
import  : 13-01-30 19:26:38 |2112| Reporter Status:an=active, Result:-1
import  : 13-01-30 19:26:40 |2112| Reporter Status:an=install, Result:-1
import  : 13-01-30 19:26:41 |2112| Reporter Status:an=active, Result:-1
import  : 13-01-30 19:26:43 |2112| Reporter Status:an=install, Result:-1
import  : 13-01-30 19:26:44 |2112| Reporter Status:an=active, Result:-1
import  : 13-01-30 19:26:46 |2112| Reporter Status:an=install, Result:-1
import  : 13-01-30 19:26:47 |2112| Reporter Status:an=active, Result:-1
import  : 13-01-30 19:26:49 |2112| Reporter Status:an=install, Result:-1
import  : 13-01-30 19:26:50 |2112| Reporter Status:an=active, Result:-1
import  : 13-01-30 19:26:52 |2112| Reporter Status:an=install, Result:-1
import  : 13-01-30 19:26:53 |2112| Reporter Status:an=active, Result:-1
import  : 13-01-30 19:26:55 |2112| Reporter Status:an=install, Result:-1
import  : 13-01-30 19:26:56 |2112| Reporter Status:an=active, Result:-1
import  : 13-01-30 19:26:58 |2112| Reporter Status:an=install, Result:-1
import  : 13-01-30 19:26:59 |2112| Reporter Status:an=active, Result:-1
import  : 13-01-30 19:27:01 |2112| Reporter Status:an=install, Result:-1
import  : 13-01-30 19:27:02 |2112| Reporter Status:an=active, Result:-1
import  : 13-01-30 19:27:04 |2112| Reporter Status:an=install, Result:-1
import  : 13-01-30 19:27:05 |2112| Reporter Status:an=active, Result:-1
import  : 13-01-30 19:27:07 |2112| Reporter Status:an=install, Result:-1
import  : 13-01-30 19:27:08 |2112| Reporter Status:an=active, Result:-1
import  : 13-01-30 19:37:09 |2112| Reporter Status:an=install, Result:-1
import  : 13-01-30 19:37:10 |2112| Reporter Status:an=active, Result:-1
import  : 13-01-30 19:47:13 |2112| Reporter Status:an=install, Result:-1
import  : 13-01-30 19:47:14 |2112| Reporter Status:an=active, Result:-1
import  : 13-01-30 19:57:15 |2112| Reporter Status:an=install, Result:-1
import  : 13-01-30 19:57:16 |2112| Reporter Status:an=active, Result:-1
import  : 13-01-30 20:07:18 |2112| Reporter Status:an=install, Result:-1
import  : 13-01-30 20:07:19 |2112| Reporter Status:an=active, Result:-1
import  : 13-01-30 20:17:21 |2112| Reporter Status:an=install, Result:-1
import  : 13-01-30 20:17:22 |2112| Reporter Status:an=active, Result:-1
import  : 13-01-30 20:27:24 |2112| Reporter Status:an=install, Result:-1
import  : 13-01-30 20:27:25 |2112| Reporter Status:an=active, Result:-1
import  : 13-01-30 20:37:26 |2112| Reporter Status:an=install, Result:-1
import  : 13-01-30 20:37:27 |2112| Reporter Status:an=active, Result:-1
import  : 13-01-30 20:47:30 |2112| Reporter Status:an=install, Result:-1
import  : 13-01-30 20:47:31 |2112| Reporter Status:an=active, Result:-1
import  : 13-01-30 20:57:33 |2112| Reporter Status:an=install, Result:-1
import  : 13-01-30 20:57:34 |2112| Reporter Status:an=active, Result:-1
import  : 13-01-30 21:07:36 |2112| Reporter Status:an=install, Result:-1
import  : 13-01-30 21:07:37 |2112| Reporter Status:an=active, Result:-1
import  : 13-01-30 21:17:39 |2112| Reporter Status:an=install, Result:-1
import  : 13-01-30 21:17:40 |2112| Reporter Status:an=active, Result:-1
import  : 13-01-30 21:27:41 |2112| Reporter Status:an=install, Result:-1
import  : 13-01-30 21:27:42 |2112| Reporter Status:an=active, Result:-1
import  : 13-01-30 21:37:44 |2112| Reporter Status:an=install, Result:-1
import  : 13-01-30 21:37:45 |2112| Reporter Status:an=active, Result:-1
import  : 13-01-30 21:47:48 |2112| Reporter Status:an=install, Result:-1
import  : 13-01-30 21:47:49 |2112| Reporter Status:an=active, Result:-1
import  : 13-01-30 21:57:51 |2112| Reporter Status:an=install, Result:-1
import  : 13-01-30 21:57:52 |2112| Reporter Status:an=active, Result:-1
import  : 13-01-30 22:07:54 |2112| Reporter Status:an=install, Result:-1
import  : 13-01-30 22:07:55 |2112| Reporter Status:an=active, Result:-1
import  : 13-01-30 22:17:56 |2112| Reporter Status:an=install, Result:-1
import  : 13-01-30 22:17:57 |2112| Reporter Status:an=active, Result:-1
import  : 13-01-30 22:27:59 |2112| Reporter Status:an=install, Result:-1
import  : 13-01-30 22:28:00 |2112| Reporter Status:an=active, Result:-1
import  : 13-02-06 17:05:59 |6216| Start Scan Serice Provider!
import  : 13-02-06 17:06:01 |6668| Reporter Status:an=install, Result:-1
import  : 13-02-06 17:06:02 |6668| Reporter Status:an=active, Result:-1
import  : 13-02-06 17:06:04 |6668| Reporter Status:an=install, Result:-1
import  : 13-02-06 17:06:05 |6668| Reporter Status:an=active, Result:-1
import  : 13-02-06 17:06:07 |6668| Reporter Status:an=install, Result:-1
import  : 13-02-06 17:06:08 |6668| Reporter Status:an=active, Result:-1
import  : 13-02-06 17:06:10 |6668| Reporter Status:an=install, Result:-1
import  : 13-02-06 17:06:11 |6668| Reporter Status:an=active, Result:-1
import  : 13-02-06 17:06:13 |6668| Reporter Status:an=install, Result:-1
import  : 13-02-06 17:06:14 |6668| Reporter Status:an=active, Result:-1
import  : 13-02-06 17:06:16 |6668| Reporter Status:an=install, Result:-1
import  : 13-02-06 17:06:17 |6668| Reporter Status:an=active, Result:-1
import  : 13-02-06 17:06:19 |6668| Reporter Status:an=install, Result:-1
import  : 13-02-06 17:06:20 |6668| Reporter Status:an=active, Result:-1
import  : 13-02-06 17:06:22 |6668| Reporter Status:an=install, Result:-1
import  : 13-02-06 17:06:23 |6668| Reporter Status:an=active, Result:-1
import  : 13-02-06 17:06:25 |6668| Reporter Status:an=install, Result:-1
import  : 13-02-06 17:06:26 |6668| Reporter Status:an=active, Result:-1
import  : 13-02-06 17:06:28 |6668| Reporter Status:an=install, Result:-1
import  : 13-02-06 17:06:29 |6668| Reporter Status:an=active, Result:-1
import  : 13-02-06 17:06:31 |6668| Reporter Status:an=install, Result:-1
import  : 13-02-06 17:06:32 |6668| Reporter Status:an=active, Result:-1
import  : 13-02-06 17:16:33 |6668| Reporter Status:an=install, Result:-1
import  : 13-02-06 17:16:34 |6668| Reporter Status:an=active, Result:-1
import  : 13-02-06 17:26:35 |6668| Reporter Status:an=install, Result:-1
import  : 13-02-06 17:26:36 |6668| Reporter Status:an=active, Result:-1
import  : 13-02-06 17:36:37 |6668| Reporter Status:an=install, Result:-1
import  : 13-02-06 17:36:38 |6668| Reporter Status:an=active, Result:-1
import  : 13-02-06 17:46:40 |6668| Reporter Status:an=install, Result:-1
import  : 13-02-06 17:46:41 |6668| Reporter Status:an=active, Result:-1
import  : 13-02-06 17:56:42 |6668| Reporter Status:an=install, Result:-1
import  : 13-02-06 17:56:43 |6668| Reporter Status:an=active, Result:-1
import  : 13-02-06 18:06:44 |6668| Reporter Status:an=install, Result:-1
import  : 13-02-06 18:06:45 |6668| Reporter Status:an=active, Result:-1
import  : 13-02-06 18:16:46 |6668| Reporter Status:an=install, Result:-1
import  : 13-02-06 18:16:47 |6668| Reporter Status:an=active, Result:-1
import  : 13-02-06 18:26:48 |6668| Reporter Status:an=install, Result:-1
import  : 13-02-06 18:26:49 |6668| Reporter Status:an=active, Result:-1
import  : 13-02-06 18:36:50 |6668| Reporter Status:an=install, Result:-1
import  : 13-02-06 18:36:51 |6668| Reporter Status:an=active, Result:-1
import  : 13-02-06 18:44:34 |2060| User Notify Stop Scan Service Provider!
import  : 13-02-06 18:44:34 |2060| Start Stop Scan Service Provider!
import  : 13-02-06 18:44:35 |6668| Reporter Status:an=install, Result:-1
import  : 13-02-06 18:44:36 |6668| Reporter Status:an=active, Result:-1
import  : 13-02-06 18:44:39 |6216| Stop Service Timeout, TerminateProcess
import  : 13-02-06 18:46:28 |5772| Install Service Success!

import  : 13-02-06 18:46:36 |6540| Start Scan Serice Provider!
import  : 13-02-06 18:46:38 |6752| Reporter Status:an=install, Result:-1
import  : 13-02-06 18:46:39 |6752| Reporter Status:an=active, Result:-1
import  : 13-02-06 18:46:41 |6752| Reporter Status:an=install, Result:-1
import  : 13-02-06 18:46:42 |6752| Reporter Status:an=active, Result:-1
import  : 13-02-06 18:46:44 |6752| Reporter Status:an=install, Result:-1
import  : 13-02-06 18:46:45 |6752| Reporter Status:an=active, Result:-1
import  : 13-02-06 18:46:47 |6752| Reporter Status:an=install, Result:-1
import  : 13-02-06 18:46:48 |6752| Reporter Status:an=active, Result:-1
import  : 13-02-06 18:46:50 |6752| Reporter Status:an=install, Result:-1
import  : 13-02-06 18:46:51 |6752| Reporter Status:an=active, Result:-1
import  : 13-02-06 18:46:53 |6752| Reporter Status:an=install, Result:-1
import  : 13-02-06 18:46:54 |6752| Reporter Status:an=active, Result:-1
import  : 13-02-06 18:46:56 |6752| Reporter Status:an=install, Result:-1
import  : 13-02-06 18:46:57 |6752| Reporter Status:an=active, Result:-1
import  : 13-02-06 18:46:59 |6752| Reporter Status:an=install, Result:-1
import  : 13-02-06 18:47:00 |6752| Reporter Status:an=active, Result:-1
import  : 13-02-06 18:47:02 |6752| Reporter Status:an=install, Result:-1
import  : 13-02-06 18:47:03 |6752| Reporter Status:an=active, Result:-1
import  : 13-02-06 18:47:05 |6752| Reporter Status:an=install, Result:-1
import  : 13-02-06 18:47:06 |6752| Reporter Status:an=active, Result:-1
import  : 13-02-06 18:47:08 |6752| Reporter Status:an=install, Result:-1
import  : 13-02-06 18:47:09 |6752| Reporter Status:an=active, Result:-1
import  : 13-02-06 18:57:10 |6752| Reporter Status:an=install, Result:-1
import  : 13-02-06 18:57:11 |6752| Reporter Status:an=active, Result:-1
import  : 13-02-06 19:07:12 |6752| Reporter Status:an=install, Result:-1
import  : 13-02-06 19:07:13 |6752| Reporter Status:an=active, Result:-1
import  : 13-02-06 19:17:14 |6752| Reporter Status:an=install, Result:-1
import  : 13-02-06 19:17:15 |6752| Reporter Status:an=active, Result:-1
import  : 13-02-06 19:27:16 |6752| Reporter Status:an=install, Result:-1
import  : 13-02-06 19:27:17 |6752| Reporter Status:an=active, Result:-1
import  : 13-02-06 19:33:58 |6852| Start Stop Scan Service Provider!
import  : 13-02-06 19:34:00 |6752| Reporter Status:an=install, Result:-1
import  : 13-02-06 19:34:01 |6752| Reporter Status:an=active, Result:-1
import  : 13-02-06 19:34:01 |6540| Stop Scan Service Provider Success!

import  : 13-02-06 19:34:46 | 676| Install Service Success!

import  : 13-02-06 19:34:49 |5440| Start Scan Serice Provider!
import  : 13-02-06 19:34:52 |6264| Reporter Status:an=install, Result:-1
import  : 13-02-06 19:34:53 |6264| Reporter Status:an=active, Result:-1
import  : 13-02-06 19:34:55 |6264| Reporter Status:an=install, Result:-1
import  : 13-02-06 19:34:56 |6264| Reporter Status:an=active, Result:-1
import  : 13-02-06 19:34:58 |6264| Reporter Status:an=install, Result:-1
import  : 13-02-06 19:34:59 |6264| Reporter Status:an=active, Result:-1
import  : 13-02-06 19:35:01 |6264| Reporter Status:an=install, Result:-1
import  : 13-02-06 19:35:02 |6264| Reporter Status:an=active, Result:-1
import  : 13-02-06 19:35:04 |6264| Reporter Status:an=install, Result:-1
import  : 13-02-06 19:35:05 |6264| Reporter Status:an=active, Result:-1
import  : 13-02-06 19:35:07 |6264| Reporter Status:an=install, Result:-1
import  : 13-02-06 19:35:07 |6560| Start Stop Scan Service Provider!
import  : 13-02-06 19:35:08 |6264| Reporter Status:an=active, Result:-1
import  : 13-02-06 19:35:11 |5440| Stop Scan Service Provider Success!

import  : 13-02-06 19:35:26 |6192| Install Service Success!

import  : 13-02-06 19:35:30 |2608| Start Scan Serice Provider!
import  : 13-02-06 19:35:32 |6012| Reporter Status:an=install, Result:-1
import  : 13-02-06 19:35:33 |6012| Reporter Status:an=active, Result:-1
import  : 13-02-06 19:35:35 |6012| Reporter Status:an=install, Result:-1
import  : 13-02-06 19:35:36 |6012| Reporter Status:an=active, Result:-1
import  : 13-02-06 19:35:38 |6012| Reporter Status:an=install, Result:-1
import  : 13-02-06 19:35:39 |6012| Reporter Status:an=active, Result:-1
import  : 13-02-06 19:35:41 |6012| Reporter Status:an=install, Result:-1
import  : 13-02-06 19:35:42 |6012| Reporter Status:an=active, Result:-1
import  : 13-02-06 19:35:44 |6012| Reporter Status:an=install, Result:-1
import  : 13-02-06 19:35:45 |6012| Reporter Status:an=active, Result:-1
import  : 13-02-06 19:35:47 |6012| Reporter Status:an=install, Result:-1
import  : 13-02-06 19:35:48 |6012| Reporter Status:an=active, Result:-1
import  : 13-02-06 19:35:50 |6012| Reporter Status:an=install, Result:-1
import  : 13-02-06 19:35:51 |6012| Reporter Status:an=active, Result:-1
import  : 13-02-06 19:35:53 |6012| Reporter Status:an=install, Result:-1
import  : 13-02-06 19:35:54 |6012| Reporter Status:an=active, Result:-1
import  : 13-02-06 19:35:56 |6012| Reporter Status:an=install, Result:-1
import  : 13-02-06 19:35:57 |6012| Reporter Status:an=active, Result:-1
import  : 13-02-06 19:35:59 |6012| Reporter Status:an=install, Result:-1
import  : 13-02-06 19:35:59 |1120| User Notify Stop Scan Service Provider!
import  : 13-02-06 19:35:59 |1120| Start Stop Scan Service Provider!
import  : 13-02-06 19:36:00 |6012| Reporter Status:an=active, Result:-1
import  : 13-02-06 19:36:00 |2608| Stop Scan Service Provider Success!

import  : 13-02-06 19:36:30 |6572| Install Service Success!

import  : 13-02-06 19:36:33 |6840| Start Scan Serice Provider!
import  : 13-02-06 19:36:34 |4544| Reporter Status:an=install, Result:-1
import  : 13-02-06 19:36:35 |4544| Reporter Status:an=active, Result:-1
import  : 13-02-06 19:36:36 |6532| User Notify Stop Scan Service Provider!
import  : 13-02-06 19:36:36 |6532| Start Stop Scan Service Provider!
import  : 13-02-06 19:36:37 |4544| Reporter Status:an=install, Result:-1
import  : 13-02-06 19:36:37 |6840| Stop Scan Service Provider Success!

import  : 13-02-06 19:50:28 |2364| Install Service Success!

import  : 13-02-06 19:50:32 |6692| Start Scan Serice Provider!
import  : 13-02-06 19:50:33 |4908| Reporter Status:an=install, Result:-1
import  : 13-02-06 19:50:34 |4908| Reporter Status:an=active, Result:-1
import  : 13-02-06 19:50:36 |4908| Reporter Status:an=install, Result:-1
import  : 13-02-06 19:50:37 |4908| Reporter Status:an=active, Result:-1
import  : 13-02-06 19:50:39 |4908| Reporter Status:an=install, Result:-1
import  : 13-02-06 19:50:40 |4908| Reporter Status:an=active, Result:-1
import  : 13-02-06 19:50:42 |4908| Reporter Status:an=install, Result:-1
import  : 13-02-06 19:50:43 |6584| User Notify Stop Scan Service Provider!
import  : 13-02-06 19:50:43 |6584| Start Stop Scan Service Provider!
import  : 13-02-06 19:50:43 |4908| Reporter Status:an=active, Result:-1
import  : 13-02-06 19:50:43 |6692| Stop Scan Service Provider Success!

import  : 13-02-07 08:40:23 |5356| Install Service Success!

import  : 13-02-07 08:40:29 |4980| Start Scan Serice Provider!
import  : 13-02-07 08:40:32 |5736| Reporter Status:an=install, Result:-1
import  : 13-02-07 08:40:33 |5736| Reporter Status:an=active, Result:-1
import  : 13-02-07 08:40:35 |5736| Reporter Status:an=install, Result:-1
import  : 13-02-07 08:40:36 |5736| Reporter Status:an=active, Result:-1
import  : 13-02-07 08:40:38 |5736| Reporter Status:an=install, Result:-1
import  : 13-02-07 08:40:39 |5736| Reporter Status:an=active, Result:-1
import  : 13-02-07 08:40:41 |5736| Reporter Status:an=install, Result:-1
import  : 13-02-07 08:40:42 |5736| Reporter Status:an=active, Result:-1
import  : 13-02-07 08:40:44 |5736| Reporter Status:an=install, Result:-1
import  : 13-02-07 08:40:45 |5736| Reporter Status:an=active, Result:-1
import  : 13-02-07 08:40:47 |5736| Reporter Status:an=install, Result:-1
import  : 13-02-07 08:40:48 |5736| Reporter Status:an=active, Result:-1
import  : 13-02-07 08:40:50 |5736| Reporter Status:an=install, Result:-1
import  : 13-02-07 08:40:51 |5736| Reporter Status:an=active, Result:-1
import  : 13-02-07 08:40:53 |5736| Reporter Status:an=install, Result:-1
import  : 13-02-07 08:40:54 |5736| Reporter Status:an=active, Result:-1
import  : 13-02-07 08:40:56 |5736| Reporter Status:an=install, Result:-1
import  : 13-02-07 08:40:57 |5736| Reporter Status:an=active, Result:-1
import  : 13-02-07 08:40:59 |5736| Reporter Status:an=install, Result:-1
import  : 13-02-07 08:41:00 |5736| Reporter Status:an=active, Result:-1
import  : 13-02-07 08:41:02 |5736| Reporter Status:an=install, Result:-1
import  : 13-02-07 08:41:03 |5736| Reporter Status:an=active, Result:-1
import  : 13-02-07 08:41:13 |6056| User Notify Stop Scan Service Provider!
import  : 13-02-07 08:41:13 |6056| Start Stop Scan Service Provider!
import  : 13-02-07 08:41:14 |5736| Reporter Status:an=install, Result:-1
import  : 13-02-07 08:41:15 |4980| Stop Scan Service Provider Success!

import  : 13-02-07 19:47:33 |4352| Install Service Success!

import  : 13-02-07 19:47:37 |6812| Start Scan Serice Provider!
import  : 13-02-07 19:47:39 |6480| Reporter Status:an=install, Result:-1
import  : 13-02-07 19:47:40 |6480| Reporter Status:an=active, Result:-1
import  : 13-02-07 19:47:42 |6480| Reporter Status:an=install, Result:-1
import  : 13-02-07 19:47:43 |6480| Reporter Status:an=active, Result:-1
import  : 13-02-07 19:47:45 |6480| Reporter Status:an=install, Result:-1
import  : 13-02-07 19:47:46 |6480| Reporter Status:an=active, Result:-1
import  : 13-02-07 19:47:48 |6480| Reporter Status:an=install, Result:-1
import  : 13-02-07 19:47:49 |6480| Reporter Status:an=active, Result:-1
import  : 13-02-07 19:47:51 |6480| Reporter Status:an=install, Result:-1
import  : 13-02-07 19:47:52 |6480| Reporter Status:an=active, Result:-1
import  : 13-02-07 19:47:54 |6480| Reporter Status:an=install, Result:-1
import  : 13-02-07 19:47:55 |6480| Reporter Status:an=active, Result:-1
import  : 13-02-07 19:47:57 |6480| Reporter Status:an=install, Result:-1
import  : 13-02-07 19:47:58 |6480| Reporter Status:an=active, Result:-1
import  : 13-02-07 19:48:00 |6480| Reporter Status:an=install, Result:-1
import  : 13-02-07 19:48:01 |6480| Reporter Status:an=active, Result:-1
import  : 13-02-07 19:48:03 |6480| Reporter Status:an=install, Result:-1
import  : 13-02-07 19:48:04 |6480| Reporter Status:an=active, Result:-1
import  : 13-02-07 19:48:06 |6480| Reporter Status:an=install, Result:-1
import  : 13-02-07 19:48:07 |6480| Reporter Status:an=active, Result:-1
import  : 13-02-07 19:48:09 |6480| Reporter Status:an=install, Result:-1
import  : 13-02-07 19:48:10 |6480| Reporter Status:an=active, Result:-1
import  : 13-02-07 19:58:11 |6480| Reporter Status:an=install, Result:-1
import  : 13-02-07 19:58:12 |6480| Reporter Status:an=active, Result:-1
import  : 13-02-07 20:08:14 |6480| Reporter Status:an=install, Result:-1
import  : 13-02-07 20:08:15 |6480| Reporter Status:an=active, Result:-1
import  : 13-02-07 20:18:16 |6480| Reporter Status:an=install, Result:-1
import  : 13-02-07 20:18:17 |6480| Reporter Status:an=active, Result:-1
import  : 13-02-07 20:28:18 |6480| Reporter Status:an=install, Result:-1
import  : 13-02-07 20:28:19 |6480| Reporter Status:an=active, Result:-1
import  : 13-02-07 20:38:20 |6480| Reporter Status:an=install, Result:-1
import  : 13-02-07 20:38:21 |6480| Reporter Status:an=active, Result:-1
import  : 13-02-07 20:48:22 |6480| Reporter Status:an=install, Result:-1
import  : 13-02-07 20:48:23 |6480| Reporter Status:an=active, Result:-1
import  : 13-02-07 20:58:24 |6480| Reporter Status:an=install, Result:-1
import  : 13-02-07 20:58:25 |6480| Reporter Status:an=active, Result:-1
import  : 13-02-07 21:08:26 |6480| Reporter Status:an=install, Result:-1
import  : 13-02-07 21:08:27 |6480| Reporter Status:an=active, Result:-1
import  : 13-02-07 21:18:28 |6480| Reporter Status:an=install, Result:-1
import  : 13-02-07 21:18:29 |6480| Reporter Status:an=active, Result:-1
import  : 13-02-07 21:28:31 |6480| Reporter Status:an=install, Result:-1
import  : 13-02-07 21:28:32 |6480| Reporter Status:an=active, Result:-1
import  : 13-02-07 21:38:34 |6480| Reporter Status:an=install, Result:-1
import  : 13-02-07 21:38:35 |6480| Reporter Status:an=active, Result:-1
import  : 13-02-07 21:48:36 |6480| Reporter Status:an=install, Result:-1
import  : 13-02-07 21:48:37 |6480| Reporter Status:an=active, Result:-1
import  : 13-02-07 21:58:38 |6480| Reporter Status:an=install, Result:-1
import  : 13-02-07 21:58:39 |6480| Reporter Status:an=active, Result:-1
import  : 13-02-07 22:00:13 |6700| User Notify Stop Scan Service Provider!
import  : 13-02-07 22:00:13 |6700| Start Stop Scan Service Provider!
import  : 13-02-07 22:00:14 |6480| Reporter Status:an=install, Result:-1
import  : 13-02-07 22:00:14 |6812| Stop Scan Service Provider Success!

import  : 13-02-08 20:10:13 |7516| Install Service Success!

import  : 13-02-08 20:10:15 |6180| Start Scan Serice Provider!
import  : 13-02-08 20:10:23 |6340| User Notify Stop Scan Service Provider!
import  : 13-02-08 20:10:23 |6340| Start Stop Scan Service Provider!
import  : 13-02-08 20:10:23 |7804| Reporter Status:an=install, Result:-1
import  : 13-02-08 20:10:24 |6180| Stop Scan Service Provider Success!

import  : 13-02-09 13:27:52 |2728| Install Service Success!

import  : 13-02-09 13:27:53 |3600| Start Scan Serice Provider!
import  : 13-02-09 13:27:55 |2552| Reporter Status:an=install, Result:-1
import  : 13-02-09 13:27:56 |2552| Reporter Status:an=active, Result:-1
import  : 13-02-09 13:27:58 |2552| Reporter Status:an=install, Result:-1
import  : 13-02-09 13:27:59 |2552| Reporter Status:an=active, Result:-1
import  : 13-02-09 13:28:01 |2552| Reporter Status:an=install, Result:-1
import  : 13-02-09 13:28:02 |2552| Reporter Status:an=active, Result:-1
import  : 13-02-09 13:28:04 |2552| Reporter Status:an=install, Result:-1
import  : 13-02-09 13:28:05 |2552| Reporter Status:an=active, Result:-1
import  : 13-02-09 13:28:07 |2552| Reporter Status:an=install, Result:-1
import  : 13-02-09 13:28:08 |2552| Reporter Status:an=active, Result:-1
import  : 13-02-09 13:28:10 |2552| Reporter Status:an=install, Result:-1
import  : 13-02-09 13:28:12 |2552| Reporter Status:an=active, Result:-1
import  : 13-02-09 13:28:14 |2552| Reporter Status:an=install, Result:-1
import  : 13-02-09 13:28:15 |2552| Reporter Status:an=active, Result:-1
import  : 13-02-09 13:28:17 |2552| Reporter Status:an=install, Result:-1
import  : 13-02-09 13:28:18 |2552| Reporter Status:an=active, Result:-1
import  : 13-02-09 13:28:20 |2552| Reporter Status:an=install, Result:-1
import  : 13-02-09 13:28:21 |2552| Reporter Status:an=active, Result:-1
import  : 13-02-09 13:28:23 |2552| Reporter Status:an=install, Result:-1
import  : 13-02-09 13:28:24 |2552| Reporter Status:an=active, Result:-1
import  : 13-02-09 13:28:26 |2552| Reporter Status:an=install, Result:-1
import  : 13-02-09 13:28:27 |2552| Reporter Status:an=active, Result:-1
import  : 13-02-09 13:29:05 |1052| Start Stop Scan Service Provider!
import  : 13-02-09 13:29:06 |2552| Reporter Status:an=install, Result:-1
import  : 13-02-09 13:29:06 |3600| Stop Scan Service Provider Success!

import  : 13-02-09 13:29:09 |2808| Install Service Success!

import  : 13-02-09 13:29:09 |2784| Start Scan Serice Provider!
import  : 13-02-09 13:29:10 | 884| Reporter Status:an=install, Result:-1
import  : 13-02-09 13:29:11 | 884| Reporter Status:an=active, Result:-1
import  : 13-02-09 13:29:13 | 884| Reporter Status:an=install, Result:-1
import  : 13-02-09 13:29:14 | 884| Reporter Status:an=active, Result:-1
import  : 13-02-09 13:29:16 | 884| Reporter Status:an=install, Result:-1
import  : 13-02-09 13:29:17 | 884| Reporter Status:an=active, Result:-1
import  : 13-02-09 13:29:19 | 884| Reporter Status:an=install, Result:-1
import  : 13-02-09 13:29:20 | 884| Reporter Status:an=active, Result:-1
import  : 13-02-09 13:29:22 | 884| Reporter Status:an=install, Result:-1
import  : 13-02-09 13:29:23 | 884| Reporter Status:an=active, Result:-1
import  : 13-02-09 13:29:24 |3968| User Notify Stop Scan Service Provider!
import  : 13-02-09 13:29:24 |3968| Start Stop Scan Service Provider!
import  : 13-02-09 13:29:25 | 884| Reporter Status:an=install, Result:-1
import  : 13-02-09 13:29:25 |2784| Stop Scan Service Provider Success!

import  : 13-02-09 13:32:38 |2608| Install Service Success!

import  : 13-02-09 13:32:58 |1236| Start Scan Serice Provider!
import  : 13-02-09 13:33:29 |3612| Start Scan Serice Provider!
